nohup: ignoring input
[[1;34mINFO[m] Scanning for projects...
[[1;34mINFO[m] 
[[1;34mINFO[m] [1m-----------------< [0;36mfr.mossaab:devops-project-samples[0;1m >------------------[m
[[1;34mINFO[m] [1mBuilding devops-project-samples 0.0.1-SNAPSHOT[m
[[1;34mINFO[m] [1m--------------------------------[ jar ]---------------------------------[m
[[1;34mINFO[m] 
[[1;34mINFO[m] [1m>>> [0;32mspring-boot-maven-plugin:3.4.4:run[m [1m(default-cli)[0;1m > [0;1mtest-compile[m @ [36mdevops-project-samples[0;1m >>>[m
[[1;34mINFO[m] 
[[1;34mINFO[m] [1m--- [0;32mmaven-resources-plugin:3.3.1:resources[m [1m(default-resources)[m @ [36mdevops-project-samples[0;1m ---[m
[[1;34mINFO[m] Copying 2 resources from src/main/resources to target/classes
[[1;34mINFO[m] Copying 0 resource from src/main/resources to target/classes
[[1;34mINFO[m] 
[[1;34mINFO[m] [1m--- [0;32mmaven-compiler-plugin:3.13.0:compile[m [1m(default-compile)[m @ [36mdevops-project-samples[0;1m ---[m
[[1;34mINFO[m] Nothing to compile - all classes are up to date.
[[1;34mINFO[m] 
[[1;34mINFO[m] [1m--- [0;32mmaven-resources-plugin:3.3.1:testResources[m [1m(default-testResources)[m @ [36mdevops-project-samples[0;1m ---[m
[[1;34mINFO[m] skip non existing resourceDirectory /home/houssem/project/src/test/resources
[[1;34mINFO[m] 
[[1;34mINFO[m] [1m--- [0;32mmaven-compiler-plugin:3.13.0:testCompile[m [1m(default-testCompile)[m @ [36mdevops-project-samples[0;1m ---[m
[[1;34mINFO[m] Nothing to compile - all classes are up to date.
[[1;34mINFO[m] 
[[1;34mINFO[m] [1m--- [0;32mjacoco-maven-plugin:0.8.11:prepare-agent[m [1m(jacoco-initialize)[m @ [36mdevops-project-samples[0;1m ---[m
[[1;34mINFO[m] argLine set to -javaagent:/home/houssem/.m2/repository/org/jacoco/org.jacoco.agent/0.8.11/org.jacoco.agent-0.8.11-runtime.jar=destfile=/home/houssem/project/target/jacoco.exec
[[1;34mINFO[m] 
[[1;34mINFO[m] [1m<<< [0;32mspring-boot-maven-plugin:3.4.4:run[m [1m(default-cli)[0;1m < [0;1mtest-compile[m @ [36mdevops-project-samples[0;1m <<<[m
[[1;34mINFO[m] 
[[1;34mINFO[m] 
[[1;34mINFO[m] [1m--- [0;32mspring-boot-maven-plugin:3.4.4:run[m [1m(default-cli)[m @ [36mdevops-project-samples[0;1m ---[m
[[1;34mINFO[m] Attaching agents: []

  .   ____          _            __ _ _
 /\\ / ___'_ __ _ _(_)_ __  __ _ \ \ \ \
( ( )\___ | '_ | '_| | '_ \/ _` | \ \ \ \
 \\/  ___)| |_)| | | | | || (_| |  ) ) ) )
  '  |____| .__|_| |_|_| |_\__, | / / / /
 =========|_|==============|___/=/_/_/_/

 :: Spring Boot ::                (v3.4.4)

2025-04-05T14:31:52.413Z  INFO 112475 --- [devops-project-samples] [           main] f.m.d.DevopsProjectSamplesApplication    : Starting DevopsProjectSamplesApplication using Java 17.0.14 with PID 112475 (/home/houssem/project/target/classes started by houssem in /home/houssem/project)
2025-04-05T14:31:52.440Z  INFO 112475 --- [devops-project-samples] [           main] f.m.d.DevopsProjectSamplesApplication    : No active profile set, falling back to 1 default profile: "default"
2025-04-05T14:31:56.845Z  INFO 112475 --- [devops-project-samples] [           main] o.s.b.w.embedded.tomcat.TomcatWebServer  : Tomcat initialized with port 7070 (http)
2025-04-05T14:31:56.962Z  INFO 112475 --- [devops-project-samples] [           main] o.apache.catalina.core.StandardService   : Starting service [Tomcat]
2025-04-05T14:31:56.964Z  INFO 112475 --- [devops-project-samples] [           main] o.apache.catalina.core.StandardEngine    : Starting Servlet engine: [Apache Tomcat/10.1.39]
2025-04-05T14:31:57.157Z  INFO 112475 --- [devops-project-samples] [           main] o.a.c.c.C.[Tomcat].[localhost].[/]       : Initializing Spring embedded WebApplicationContext
2025-04-05T14:31:57.161Z  INFO 112475 --- [devops-project-samples] [           main] w.s.c.ServletWebServerApplicationContext : Root WebApplicationContext: initialization completed in 4429 ms
2025-04-05T14:31:58.178Z  INFO 112475 --- [devops-project-samples] [           main] o.s.b.w.embedded.tomcat.TomcatWebServer  : Tomcat started on port 7070 (http) with context path '/'
2025-04-05T14:31:58.199Z  INFO 112475 --- [devops-project-samples] [           main] f.m.d.DevopsProjectSamplesApplication    : Started DevopsProjectSamplesApplication in 8.308 seconds (process running for 10.223)
[[1;34mINFO[m] [1m------------------------------------------------------------------------[m
[[1;34mINFO[m] [1;31mBUILD FAILURE[m
[[1;34mINFO[m] [1m------------------------------------------------------------------------[m
[[1;34mINFO[m] Total time:  04:08 min
[[1;34mINFO[m] Finished at: 2025-04-05T14:35:50Z
[[1;34mINFO[m] [1m------------------------------------------------------------------------[m
[[1;31mERROR[m] Failed to execute goal [32morg.springframework.boot:spring-boot-maven-plugin:3.4.4:run[m [1m(default-cli)[m on project [36mdevops-project-samples[m: [1;31mProcess terminated with exit code: 137[m -> [1m[Help 1][m
[[1;31mERROR[m] 
[[1;31mERROR[m] To see the full stack trace of the errors, re-run Maven with the [1m-e[m switch.
[[1;31mERROR[m] Re-run Maven using the [1m-X[m switch to enable full debug logging.
[[1;31mERROR[m] 
[[1;31mERROR[m] For more information about the errors and possible solutions, please read the following articles:
[[1;31mERROR[m] [1m[Help 1][m http://cwiki.apache.org/confluence/display/MAVEN/MojoExecutionException
